[backblue.gif]
[fade.gif]
[index.html]
[s3-eu-west-1.amazonaws.com/landingi-editor-uploads/vrwG2Q7l/1613303910605.png]
[styles.assets-landingi.com/assets/css/2.13-landend-base.css]
[scripts.assets-landingi.com/landend/image-gallery/blueimp-gallery/css/blueimp-gallery.min-210310.css]
[styles.assets-landingi.com/MH94exdy/base.css]
[connect.facebook.net/en_US/fbevents.js]
[scripts.assets-landingi.com/lightboxes/lightbox-render4e73.js]
[ucarecdn.com/libs/blinkloader/3.x/blinkloader.min.js]
[images.assets-landingi.com/uc/2c7281a4-ff7e-4070-bddb-d90ed2b2ec2a/five-logo.jpeg]
[images.assets-landingi.com/uc/5afb808e-e325-43bf-9296-01e45f0a9758/FIVE JBR Flipbook V4__Page_30_Image_0001.jpg]
[images.assets-landingi.com/uc/fe0d99ba-d677-4686-933d-db9f2760db0b/FIVE JBR Flipbook V4__Page_21_Image_0001.jpg]
[images.assets-landingi.com/uc/064cdd3e-75a2-4814-a216-68c842e5a2b5/FIVE JBR Flipbook V4__Page_50_Image_0001.jpg]
[images.assets-landingi.com/uc/dff76b12-12e5-4804-9303-f467acdd64ad/FIVE JBR Flipbook V4__Page_52_Image_0001.jpg]
[images.assets-landingi.com/uc/344dd2ae-8586-4a79-a5d8-26c111a2fc96/FIVE JBR Flipbook V4__Page_14_Image_0001.jpg]
[images.assets-landingi.com/uc/779af1ca-71d0-407b-910f-86a2cf1248d2/FIVE JBR Flipbook V4__Page_34_Image_0001.jpg]
[images.assets-landingi.com/uc/7387154d-f148-46d5-b7d2-2472a8d58f0e/FIVE JBR Flipbook V4__Page_26_Image_0001.jpg]
[images.assets-landingi.com/uc/95d424ad-699b-4cbf-be2d-e77acbafb4f8/FIVE JBR Flipbook V4__Page_42_Image_0001.jpg]
[images.assets-landingi.com/wFjLYuo7/Logoeps.png]
[images.assets-landingi.com/hzqgPtdgqsB7EHKr/Logoeps.png]
[ajax.googleapis.com/ajax/libs/jquery/1.9.1/jquery.min.js]
[old.assets-landingi.com/bootstrap/js/landend.bootstrap.min.js]
[old.assets-landingi.com/bootstrap/js/bootbox.min.js]
[old.assets-landingi.com/js/landing.js]
[scripts.assets-landingi.com/landend/image-gallery/blueimp-gallery/js/blueimp-gallery.min.js]
[old.assets-landingi.com/assets/js/dist/landend/301019/landend.js]
[old.assets-landingi.com/assets/js/landend/anchors/v02.js]
[scripts.assets-landingi.com/landend/160721/files.js]
[old.assets-landingi.com/assets/js/vendor/jquery-form/jquery.form.min.js]
[scripts.assets-landingi.com/landend/260221/landend.min.js]
[old.assets-landingi.com/assets/js/landend/260820/validation.js]
[scripts.assets-landingi.com/shopify/27072020/iframe.js]
[www.eps-dubai.com/five_hotels_and_resorts_jbr.html]
[styles.assets-landingi.com/assets/css/2.13-landend-base.css]
[scripts.assets-landingi.com/video-bg/v0.5/videoBackground.js]
[scripts.assets-landingi.com/landend/image-gallery/blueimp-gallery/img/loading.gif]
[scripts.assets-landingi.com/landend/image-gallery/blueimp-gallery/img/error.png]
[scripts.assets-landingi.com/landend/image-gallery/blueimp-gallery/img/play-pause.png]
[scripts.assets-landingi.com/landend/image-gallery/blueimp-gallery/img/video-play.png]
[scripts.assets-landingi.com/landend/image-gallery/blueimp-gallery/img/prev.png]
[scripts.assets-landingi.com/landend/image-gallery/blueimp-gallery/img/next.png]
[scripts.assets-landingi.com/landend/image-gallery/blueimp-gallery/css/blueimp-gallery.min-210310.css]
[images.assets-landingi.com/uc/a7a09a03-9e42-40fb-9c85-03a652f3bc01/FIVE pic 1.jpg]
[images.assets-landingi.com/uc/78c80e8c-d5be-4554-a67e-7dd3e255c562/FIVE JBR Flipbook V4__Page_02_Image_0001.jpg]
[images.assets-landingi.com/3gXLeccG/bg-3.png]
[images.assets-landingi.com/uc/4391adbf-05d4-4776-92b4-89ae5e76fe4e/FIVE JBR Flipbook V4__Page_05_Image_0001.jpg]
[styles.assets-landingi.com/MH94exdy/base.css]
[connect.facebook.net/en_US/fbevents.js]
[old.assets-landingi.com/bootstrap/js/landend.bootstrap.min.js]
[old.assets-landingi.com/bootstrap/js/bootbox.min.js]
[old.assets-landingi.com/js/landing.js]
[www.eps-dubai.com/c.html]
[www.eps-dubai.com/b.html]
[www.eps-dubai.com/POST.html]
